0 verbose cli /usr/bin/node /usr/bin/npm
1 info using npm@10.8.2
2 info using node@v20.18.0
3 silly config load:file:/usr/lib/node_modules/npm/npmrc
4 silly config load:file:/home/user/.npmrc
5 silly config load:file:/usr/etc/npmrc
6 verbose title npm install netlify-cli
7 verbose argv "install" "netlify-cli" "--global"
8 verbose logfile logs-max:10 dir:/home/user/.npm/_logs/2024-10-25T17_17_40_989Z-
9 verbose logfile /home/user/.npm/_logs/2024-10-25T17_17_40_989Z-debug-0.log
10 silly packumentCache heap:2114453504 maxSize:528613376 maxEntrySize:264306688
11 silly logfile done cleaning log files
12 silly idealTree buildDeps
13 silly fetch manifest netlify-cli@*
14 silly packumentCache full:https://registry.npmjs.org/netlify-cli cache-miss
15 http fetch GET 200 https://registry.npmjs.org/npm 197ms
16 http fetch GET 200 https://registry.npmjs.org/netlify-cli 364ms (cache miss)
17 silly packumentCache full:https://registry.npmjs.org/netlify-cli set size:undefined disposed:false
18 silly placeDep ROOT netlify-cli@17.37.1 OK for:  want: *
19 silly fetch manifest ws@8.17.1
20 silly packumentCache full:https://registry.npmjs.org/ws cache-miss
21 silly fetch manifest ipx@2.1.0
22 silly packumentCache full:https://registry.npmjs.org/ipx cache-miss
23 silly fetch manifest ora@8.1.0
24 silly packumentCache full:https://registry.npmjs.org/ora cache-miss
25 silly fetch manifest zod@3.23.8
26 silly packumentCache full:https://registry.npmjs.org/zod cache-miss
27 silly fetch manifest etag@1.8.1
28 silly packumentCache full:https://registry.npmjs.org/etag cache-miss
29 silly fetch manifest pump@3.0.2
30 silly packumentCache full:https://registry.npmjs.org/pump cache-miss
31 silly fetch manifest toml@3.0.0
32 silly packumentCache full:https://registry.npmjs.org/toml cache-miss
33 http fetch GET 200 https://registry.npmjs.org/ws 66ms (cache miss)
34 silly packumentCache full:https://registry.npmjs.org/ws set size:undefined disposed:false
35 silly fetch manifest ulid@2.3.0
36 silly packumentCache full:https://registry.npmjs.org/ulid cache-miss
37 http fetch GET 200 https://registry.npmjs.org/ipx 103ms (cache miss)
38 silly packumentCache full:https://registry.npmjs.org/ipx set size:undefined disposed:false
39 silly fetch manifest uuid@9.0.1
40 silly packumentCache full:https://registry.npmjs.org/uuid cache-miss
41 http fetch GET 200 https://registry.npmjs.org/etag 119ms (cache miss)
42 silly packumentCache full:https://registry.npmjs.org/etag set size:undefined disposed:false
43 silly fetch manifest boxen@7.1.1
44 silly packumentCache full:https://registry.npmjs.org/boxen cache-miss
45 http fetch GET 200 https://registry.npmjs.org/toml 123ms (cache miss)
46 silly packumentCache full:https://registry.npmjs.org/toml set size:undefined disposed:false
47 silly fetch manifest chalk@5.3.0
48 silly packumentCache full:https://registry.npmjs.org/chalk cache-miss
49 http fetch GET 200 https://registry.npmjs.org/pump 130ms (cache miss)
50 silly packumentCache full:https://registry.npmjs.org/pump set size:undefined disposed:false
51 silly fetch manifest debug@4.3.7
52 silly packumentCache full:https://registry.npmjs.org/debug cache-miss
53 http fetch GET 200 https://registry.npmjs.org/ulid 63ms (cache miss)
54 silly packumentCache full:https://registry.npmjs.org/ulid set size:undefined disposed:false
55 silly fetch manifest execa@5.1.1
56 silly packumentCache full:https://registry.npmjs.org/execa cache-miss
57 http fetch GET 200 https://registry.npmjs.org/ora 142ms (cache miss)
58 silly packumentCache full:https://registry.npmjs.org/ora set size:undefined disposed:false
59 silly fetch manifest fuzzy@0.1.3
60 silly packumentCache full:https://registry.npmjs.org/fuzzy cache-miss
61 http fetch GET 200 https://registry.npmjs.org/uuid 78ms (cache miss)
62 silly packumentCache full:https://registry.npmjs.org/uuid set size:undefined disposed:false
63 silly fetch manifest hasha@5.2.2
64 silly packumentCache full:https://registry.npmjs.org/hasha cache-miss
65 http fetch GET 200 https://registry.npmjs.org/fuzzy 57ms (cache miss)
66 silly packumentCache full:https://registry.npmjs.org/fuzzy set size:undefined disposed:false
67 silly fetch manifest isexe@3.1.1
68 silly packumentCache full:https://registry.npmjs.org/isexe cache-miss
69 http fetch GET 200 https://registry.npmjs.org/boxen 89ms (cache miss)
70 silly packumentCache full:https://registry.npmjs.org/boxen set size:undefined disposed:false
71 silly fetch manifest p-map@7.0.2
72 silly packumentCache full:https://registry.npmjs.org/p-map cache-miss
73 http fetch GET 200 https://registry.npmjs.org/execa 78ms (cache miss)
74 silly packumentCache full:https://registry.npmjs.org/execa set size:undefined disposed:false
75 silly fetch manifest tempy@3.1.0
76 silly packumentCache full:https://registry.npmjs.org/tempy cache-miss
77 http fetch GET 200 https://registry.npmjs.org/chalk 105ms (cache miss)
78 silly packumentCache full:https://registry.npmjs.org/chalk set size:undefined disposed:false
79 silly fetch manifest cookie@0.7.2
80 silly packumentCache full:https://registry.npmjs.org/cookie cache-miss
81 http fetch GET 200 https://registry.npmjs.org/debug 106ms (cache miss)
82 silly packumentCache full:https://registry.npmjs.org/debug set size:undefined disposed:false
83 silly fetch manifest dotenv@16.4.5
84 silly packumentCache full:https://registry.npmjs.org/dotenv cache-miss
85 http fetch GET 200 https://registry.npmjs.org/hasha 63ms (cache miss)
86 silly packumentCache full:https://registry.npmjs.org/hasha set size:undefined disposed:false
87 silly fetch manifest hasbin@1.2.3
88 silly packumentCache full:https://registry.npmjs.org/hasbin cache-miss
89 http fetch GET 200 https://registry.npmjs.org/isexe 69ms (cache miss)
90 silly packumentCache full:https://registry.npmjs.org/isexe set size:undefined disposed:false
91 silly fetch manifest is-wsl@3.1.0
92 silly packumentCache full:https://registry.npmjs.org/is-wsl cache-miss
93 http fetch GET 200 https://registry.npmjs.org/p-map 63ms (cache miss)
94 silly packumentCache full:https://registry.npmjs.org/p-map set size:undefined disposed:false
95 silly fetch manifest listr2@8.2.5
96 silly packumentCache full:https://registry.npmjs.org/listr2 cache-miss
97 http fetch GET 200 https://registry.npmjs.org/tempy 72ms (cache miss)
98 silly packumentCache full:https://registry.npmjs.org/tempy set size:undefined disposed:false
99 silly fetch manifest lodash@4.17.21
100 silly packumentCache full:https://registry.npmjs.org/lodash cache-miss
101 http fetch GET 200 https://registry.npmjs.org/zod 294ms (cache miss)
102 silly packumentCache full:https://registry.npmjs.org/zod set size:undefined disposed:false
103 silly fetch manifest semver@7.6.3
104 silly packumentCache full:https://registry.npmjs.org/semver cache-miss
105 http fetch GET 200 https://registry.npmjs.org/cookie 88ms (cache miss)
106 silly packumentCache full:https://registry.npmjs.org/cookie set size:undefined disposed:false
107 silly fetch manifest tabtab@3.0.2
108 silly packumentCache full:https://registry.npmjs.org/tabtab cache-miss
109 http fetch GET 200 https://registry.npmjs.org/hasbin 85ms (cache miss)
110 silly packumentCache full:https://registry.npmjs.org/hasbin set size:undefined disposed:false
111 silly fetch manifest backoff@2.5.0
112 silly packumentCache full:https://registry.npmjs.org/backoff cache-miss
113 http fetch GET 200 https://registry.npmjs.org/is-wsl 72ms (cache miss)
114 silly packumentCache full:https://registry.npmjs.org/is-wsl set size:undefined disposed:false
115 silly fetch manifest ci-info@4.0.0
116 silly packumentCache full:https://registry.npmjs.org/ci-info cache-miss
117 http fetch GET 200 https://registry.npmjs.org/backoff 90ms (cache miss)
118 silly packumentCache full:https://registry.npmjs.org/backoff set size:undefined disposed:false
119 silly fetch manifest decache@4.6.2
120 silly packumentCache full:https://registry.npmjs.org/decache cache-miss
121 http fetch GET 200 https://registry.npmjs.org/tabtab 113ms (cache miss)
122 silly packumentCache full:https://registry.npmjs.org/tabtab set size:undefined disposed:false
123 silly fetch manifest envinfo@7.14.0
124 silly packumentCache full:https://registry.npmjs.org/envinfo cache-miss
125 http fetch GET 200 https://registry.npmjs.org/dotenv 209ms (cache miss)
126 silly packumentCache full:https://registry.npmjs.org/dotenv set size:undefined disposed:false
127 silly fetch manifest express@4.21.1
128 silly packumentCache full:https://registry.npmjs.org/express cache-miss
129 http fetch GET 200 https://registry.npmjs.org/lodash 171ms (cache miss)
130 silly packumentCache full:https://registry.npmjs.org/lodash set size:undefined disposed:false
131 silly fetch manifest fastify@4.28.1
132 silly packumentCache full:https://registry.npmjs.org/fastify cache-miss
133 http fetch GET 200 https://registry.npmjs.org/semver 164ms (cache miss)
134 silly packumentCache full:https://registry.npmjs.org/semver set size:undefined disposed:false
135 silly fetch manifest find-up@7.0.0
136 silly packumentCache full:https://registry.npmjs.org/find-up cache-miss
137 http fetch GET 200 https://registry.npmjs.org/ci-info 140ms (cache miss)
138 silly packumentCache full:https://registry.npmjs.org/ci-info set size:undefined disposed:false
139 silly fetch manifest js-yaml@4.1.0
140 silly packumentCache full:https://registry.npmjs.org/js-yaml cache-miss
141 http fetch GET 200 https://registry.npmjs.org/decache 66ms (cache miss)
142 silly packumentCache full:https://registry.npmjs.org/decache set size:undefined disposed:false
143 silly fetch manifest netlify@13.1.21
144 silly packumentCache full:https://registry.npmjs.org/netlify cache-miss
145 http fetch GET 200 https://registry.npmjs.org/find-up 71ms (cache miss)
146 silly packumentCache full:https://registry.npmjs.org/find-up set size:undefined disposed:false
147 silly fetch manifest unixify@1.0.0
148 silly packumentCache full:https://registry.npmjs.org/unixify cache-miss
149 http fetch GET 200 https://registry.npmjs.org/listr2 284ms (cache miss)
150 silly packumentCache full:https://registry.npmjs.org/listr2 set size:undefined disposed:false
151 silly fetch manifest chokidar@3.6.0
152 silly packumentCache full:https://registry.npmjs.org/chokidar cache-miss
153 http fetch GET 200 https://registry.npmjs.org/envinfo 135ms (cache miss)
154 silly packumentCache full:https://registry.npmjs.org/envinfo set size:undefined disposed:false
155 silly fetch manifest dot-prop@9.0.0
156 silly packumentCache full:https://registry.npmjs.org/dot-prop cache-miss
157 http fetch GET 200 https://registry.npmjs.org/js-yaml 101ms (cache miss)
158 silly packumentCache full:https://registry.npmjs.org/js-yaml set size:undefined disposed:false
159 silly fetch manifest get-port@5.1.1
160 silly packumentCache full:https://registry.npmjs.org/get-port cache-miss
161 http fetch GET 200 https://registry.npmjs.org/unixify 58ms (cache miss)
162 silly packumentCache full:https://registry.npmjs.org/unixify set size:undefined disposed:false
163 silly fetch manifest inquirer@6.5.2
164 silly packumentCache full:https://registry.npmjs.org/inquirer cache-miss
165 http fetch GET 200 https://registry.npmjs.org/express 161ms (cache miss)
166 silly packumentCache full:https://registry.npmjs.org/express set size:undefined disposed:false
167 silly fetch manifest p-filter@4.1.0
168 silly packumentCache full:https://registry.npmjs.org/p-filter cache-miss
169 http fetch GET 200 https://registry.npmjs.org/netlify 164ms (cache miss)
170 silly packumentCache full:https://registry.npmjs.org/netlify set size:undefined disposed:false
171 silly fetch manifest path-key@4.0.0
172 silly packumentCache full:https://registry.npmjs.org/path-key cache-miss
173 http fetch GET 200 https://registry.npmjs.org/get-port 90ms (cache miss)
174 silly packumentCache full:https://registry.npmjs.org/get-port set size:undefined disposed:false
175 silly fetch manifest raw-body@2.5.2
176 silly packumentCache full:https://registry.npmjs.org/raw-body cache-miss
177 http fetch GET 200 https://registry.npmjs.org/dot-prop 106ms (cache miss)
178 silly packumentCache full:https://registry.npmjs.org/dot-prop set size:undefined disposed:false
179 silly fetch manifest readdirp@3.6.0
180 silly packumentCache full:https://registry.npmjs.org/readdirp cache-miss
181 http fetch GET 200 https://registry.npmjs.org/chokidar 138ms (cache miss)
182 silly packumentCache full:https://registry.npmjs.org/chokidar set size:undefined disposed:false
183 silly fetch manifest commander@10.0.1
184 silly packumentCache full:https://registry.npmjs.org/commander cache-miss
185 http fetch GET 200 https://registry.npmjs.org/p-filter 94ms (cache miss)
186 silly packumentCache full:https://registry.npmjs.org/p-filter set size:undefined disposed:false
187 silly fetch manifest env-paths@3.0.0
188 silly packumentCache full:https://registry.npmjs.org/env-paths cache-miss
189 http fetch GET 200 https://registry.npmjs.org/fastify 267ms (cache miss)
190 silly packumentCache full:https://registry.npmjs.org/fastify set size:undefined disposed:false
191 silly fetch manifest is-docker@3.0.0
192 silly packumentCache full:https://registry.npmjs.org/is-docker cache-miss
193 http fetch GET 200 https://registry.npmjs.org/inquirer 148ms (cache miss)
194 silly packumentCache full:https://registry.npmjs.org/inquirer set size:undefined disposed:false
195 silly fetch manifest is-stream@4.0.1
196 silly packumentCache full:https://registry.npmjs.org/is-stream cache-miss
197 http fetch GET 200 https://registry.npmjs.org/path-key 96ms (cache miss)
198 silly packumentCache full:https://registry.npmjs.org/path-key set size:undefined disposed:false
199 silly fetch manifest maxstache@1.0.7
200 silly packumentCache full:https://registry.npmjs.org/maxstache cache-miss
201 http fetch GET 200 https://registry.npmjs.org/raw-body 96ms (cache miss)
202 silly packumentCache full:https://registry.npmjs.org/raw-body set size:undefined disposed:false
203 silly fetch manifest wait-port@1.1.0
204 silly packumentCache full:https://registry.npmjs.org/wait-port cache-miss
205 http fetch GET 200 https://registry.npmjs.org/readdirp 97ms (cache miss)
206 silly packumentCache full:https://registry.npmjs.org/readdirp set size:undefined disposed:false
207 silly fetch manifest better-opn@3.0.2
208 silly packumentCache full:https://registry.npmjs.org/better-opn cache-miss
209 http fetch GET 200 https://registry.npmjs.org/env-paths 65ms (cache miss)
210 silly packumentCache full:https://registry.npmjs.org/env-paths set size:undefined disposed:false
211 silly fetch manifest clean-deep@3.4.0
212 silly packumentCache full:https://registry.npmjs.org/clean-deep cache-miss
213 http fetch GET 200 https://registry.npmjs.org/is-docker 50ms (cache miss)
214 silly packumentCache full:https://registry.npmjs.org/is-docker set size:undefined disposed:false
215 silly fetch manifest http-proxy@1.18.1
216 silly packumentCache full:https://registry.npmjs.org/http-proxy cache-miss
217 http fetch GET 200 https://registry.npmjs.org/is-stream 57ms (cache miss)
218 silly packumentCache full:https://registry.npmjs.org/is-stream set size:undefined disposed:false
219 silly fetch manifest jwt-decode@4.0.0
220 silly packumentCache full:https://registry.npmjs.org/jwt-decode cache-miss
221 http fetch GET 200 https://registry.npmjs.org/maxstache 59ms (cache miss)
222 silly packumentCache full:https://registry.npmjs.org/maxstache set size:undefined disposed:false
223 silly fetch manifest log-update@6.1.0
224 silly packumentCache full:https://registry.npmjs.org/log-update cache-miss
225 http fetch GET 200 https://registry.npmjs.org/wait-port 55ms (cache miss)
226 silly packumentCache full:https://registry.npmjs.org/wait-port set size:undefined disposed:false
227 silly fetch manifest multiparty@4.2.3
228 silly packumentCache full:https://registry.npmjs.org/multiparty cache-miss
229 http fetch GET 200 https://registry.npmjs.org/better-opn 54ms (cache miss)
230 silly packumentCache full:https://registry.npmjs.org/better-opn set size:undefined disposed:false
231 silly fetch manifest node-fetch@3.3.2
232 silly packumentCache full:https://registry.npmjs.org/node-fetch cache-miss
233 http fetch GET 200 https://registry.npmjs.org/commander 135ms (cache miss)
234 silly packumentCache full:https://registry.npmjs.org/commander set size:undefined disposed:false
235 silly fetch manifest p-wait-for@5.0.2
236 silly packumentCache full:https://registry.npmjs.org/p-wait-for cache-miss
237 http fetch GET 200 https://registry.npmjs.org/log-update 57ms (cache miss)
238 silly packumentCache full:https://registry.npmjs.org/log-update set size:undefined disposed:false
239 silly fetch manifest prettyjson@1.2.5
240 silly packumentCache full:https://registry.npmjs.org/prettyjson cache-miss
241 http fetch GET 200 https://registry.npmjs.org/clean-deep 104ms (cache miss)
242 silly packumentCache full:https://registry.npmjs.org/clean-deep set size:undefined disposed:false
243 silly fetch manifest @bugsnag/js@7.25.0
244 silly packumentCache full:https://registry.npmjs.org/@bugsnag%2fjs cache-miss
245 http fetch GET 200 https://registry.npmjs.org/http-proxy 93ms (cache miss)
246 silly packumentCache full:https://registry.npmjs.org/http-proxy set size:undefined disposed:false
247 silly fetch manifest ansi-styles@6.2.1
248 silly packumentCache full:https://registry.npmjs.org/ansi-styles cache-miss
249 http fetch GET 200 https://registry.npmjs.org/jwt-decode 89ms (cache miss)
250 silly packumentCache full:https://registry.npmjs.org/jwt-decode set size:undefined disposed:false
251 silly fetch manifest ascii-table@0.0.9
252 silly packumentCache full:https://registry.npmjs.org/ascii-table cache-miss
253 http fetch GET 200 https://registry.npmjs.org/multiparty 86ms (cache miss)
254 silly packumentCache full:https://registry.npmjs.org/multiparty set size:undefined disposed:false
255 silly fetch manifest concordance@5.0.4
256 silly packumentCache full:https://registry.npmjs.org/concordance cache-miss
257 http fetch GET 200 https://registry.npmjs.org/p-wait-for 78ms (cache miss)
258 silly packumentCache full:https://registry.npmjs.org/p-wait-for set size:undefined disposed:false
259 silly fetch manifest configstore@6.0.0
260 silly packumentCache full:https://registry.npmjs.org/configstore cache-miss
261 http fetch GET 200 https://registry.npmjs.org/ansi-styles 50ms (cache miss)
262 silly packumentCache full:https://registry.npmjs.org/ansi-styles set size:undefined disposed:false
263 silly fetch manifest cron-parser@4.9.0
264 silly packumentCache full:https://registry.npmjs.org/cron-parser cache-miss
265 http fetch GET 200 https://registry.npmjs.org/prettyjson 61ms (cache miss)
266 silly packumentCache full:https://registry.npmjs.org/prettyjson set size:undefined disposed:false
267 silly fetch manifest extract-zip@2.0.1
268 silly packumentCache full:https://registry.npmjs.org/extract-zip cache-miss
269 http fetch GET 200 https://registry.npmjs.org/node-fetch 122ms (cache miss)
270 silly packumentCache full:https://registry.npmjs.org/node-fetch set size:undefined disposed:false
271 silly fetch manifest from2-array@0.0.4
272 silly packumentCache full:https://registry.npmjs.org/from2-array cache-miss
273 http fetch GET 200 https://registry.npmjs.org/ascii-table 72ms (cache miss)
274 silly packumentCache full:https://registry.npmjs.org/ascii-table set size:undefined disposed:false
275 silly fetch manifest locate-path@7.2.0
276 silly packumentCache full:https://registry.npmjs.org/locate-path cache-miss
277 http fetch GET 200 https://registry.npmjs.org/configstore 69ms (cache miss)
278 silly packumentCache full:https://registry.npmjs.org/configstore set size:undefined disposed:false
279 silly fetch manifest log-symbols@6.0.0
280 silly packumentCache full:https://registry.npmjs.org/log-symbols cache-miss
281 http fetch GET 200 https://registry.npmjs.org/concordance 88ms (cache miss)
282 silly packumentCache full:https://registry.npmjs.org/concordance set size:undefined disposed:false
283 silly fetch manifest ansi-escapes@7.0.0
284 silly packumentCache full:https://registry.npmjs.org/ansi-escapes cache-miss
285 http fetch GET 200 https://registry.npmjs.org/@bugsnag%2fjs 120ms (cache miss)
286 silly packumentCache full:https://registry.npmjs.org/@bugsnag%2fjs set size:undefined disposed:false
287 silly fetch manifest ansi-to-html@0.7.2
288 silly packumentCache full:https://registry.npmjs.org/ansi-to-html cache-miss
289 http fetch GET 200 https://registry.npmjs.org/extract-zip 70ms (cache miss)
290 silly packumentCache full:https://registry.npmjs.org/extract-zip set size:undefined disposed:false
291 silly fetch manifest comment-json@4.2.5
292 silly packumentCache full:https://registry.npmjs.org/comment-json cache-miss
293 http fetch GET 200 https://registry.npmjs.org/from2-array 55ms (cache miss)
294 silly packumentCache full:https://registry.npmjs.org/from2-array set size:undefined disposed:false
295 silly fetch manifest content-type@1.0.5
296 silly packumentCache full:https://registry.npmjs.org/content-type cache-miss
297 http fetch GET 200 https://registry.npmjs.org/cron-parser 88ms (cache miss)
298 silly packumentCache full:https://registry.npmjs.org/cron-parser set size:undefined disposed:false
299 silly fetch manifest jsonwebtoken@9.0.2
300 silly packumentCache full:https://registry.npmjs.org/jsonwebtoken cache-miss
301 http fetch GET 200 https://registry.npmjs.org/locate-path 62ms (cache miss)
302 silly packumentCache full:https://registry.npmjs.org/locate-path set size:undefined disposed:false
303 silly fetch manifest lambda-local@2.2.0
304 silly packumentCache full:https://registry.npmjs.org/lambda-local cache-miss
305 http fetch GET 200 https://registry.npmjs.org/log-symbols 59ms (cache miss)
306 silly packumentCache full:https://registry.npmjs.org/log-symbols set size:undefined disposed:false
307 silly fetch manifest through2-map@4.0.0
308 silly packumentCache full:https://registry.npmjs.org/through2-map cache-miss
309 http fetch GET 200 https://registry.npmjs.org/content-type 44ms (cache miss)
310 silly packumentCache full:https://registry.npmjs.org/content-type set size:undefined disposed:false
311 silly fetch manifest tomlify-j0.4@3.0.0
312 silly packumentCache full:https://registry.npmjs.org/tomlify-j0.4 cache-miss
313 http fetch GET 200 https://registry.npmjs.org/ansi-escapes 66ms (cache miss)
314 silly packumentCache full:https://registry.npmjs.org/ansi-escapes set size:undefined disposed:false
315 silly fetch manifest @octokit/rest@20.1.1
316 silly packumentCache full:https://registry.npmjs.org/@octokit%2frest cache-miss
317 http fetch GET 200 https://registry.npmjs.org/comment-json 62ms (cache miss)
318 silly packumentCache full:https://registry.npmjs.org/comment-json set size:undefined disposed:false
319 silly fetch manifest folder-walker@3.2.0
320 silly packumentCache full:https://registry.npmjs.org/folder-walker cache-miss
321 http fetch GET 200 https://registry.npmjs.org/lambda-local 59ms (cache miss)
322 silly packumentCache full:https://registry.npmjs.org/lambda-local set size:undefined disposed:false
323 silly fetch manifest git-repo-info@2.1.1
324 silly packumentCache full:https://registry.npmjs.org/git-repo-info cache-miss
325 http fetch GET 200 https://registry.npmjs.org/jsonwebtoken 72ms (cache miss)
326 silly packumentCache full:https://registry.npmjs.org/jsonwebtoken set size:undefined disposed:false
327 silly fetch manifest terminal-link@3.0.0
328 silly packumentCache full:https://registry.npmjs.org/terminal-link cache-miss
329 http fetch GET 200 https://registry.npmjs.org/tomlify-j0.4 50ms (cache miss)
330 silly packumentCache full:https://registry.npmjs.org/tomlify-j0.4 set size:undefined disposed:false
331 silly fetch manifest @netlify/blobs@8.1.0
332 silly packumentCache full:https://registry.npmjs.org/@netlify%2fblobs cache-miss
333 http fetch GET 200 https://registry.npmjs.org/through2-map 60ms (cache miss)
334 silly packumentCache full:https://registry.npmjs.org/through2-map set size:undefined disposed:false
335 silly fetch manifest @netlify/build@29.55.2
336 silly packumentCache full:https://registry.npmjs.org/@netlify%2fbuild cache-miss
337 http fetch GET 200 https://registry.npmjs.org/git-repo-info 39ms (cache miss)
338 silly packumentCache full:https://registry.npmjs.org/git-repo-info set size:undefined disposed:false
339 silly fetch manifest gitconfiglocal@2.1.0
340 silly packumentCache full:https://registry.npmjs.org/gitconfiglocal cache-miss
341 http fetch GET 200 https://registry.npmjs.org/folder-walker 72ms (cache miss)
342 silly packumentCache full:https://registry.npmjs.org/folder-walker set size:undefined disposed:false
343 silly fetch manifest @fastify/static@7.0.4
344 silly packumentCache full:https://registry.npmjs.org/@fastify%2fstatic cache-miss
345 http fetch GET 200 https://registry.npmjs.org/terminal-link 47ms (cache miss)
346 silly packumentCache full:https://registry.npmjs.org/terminal-link set size:undefined disposed:false
347 silly fetch manifest @netlify/config@20.19.0
348 silly packumentCache full:https://registry.npmjs.org/@netlify%2fconfig cache-miss
349 http fetch GET 200 https://registry.npmjs.org/@octokit%2frest 100ms (cache miss)
350 silly packumentCache full:https://registry.npmjs.org/@octokit%2frest set size:undefined disposed:false
351 silly fetch manifest express-logging@1.1.1
352 silly packumentCache full:https://registry.npmjs.org/express-logging cache-miss
353 http fetch GET 200 https://registry.npmjs.org/gitconfiglocal 84ms (cache miss)
354 silly packumentCache full:https://registry.npmjs.org/gitconfiglocal set size:undefined disposed:false
355 silly fetch manifest parse-gitignore@2.0.0
356 silly packumentCache full:https://registry.npmjs.org/parse-gitignore cache-miss
357 http fetch GET 200 https://registry.npmjs.org/@fastify%2fstatic 79ms (cache miss)
358 silly packumentCache full:https://registry.npmjs.org/@fastify%2fstatic set size:undefined disposed:false
359 silly fetch manifest read-package-up@11.0.0
360 silly packumentCache full:https://registry.npmjs.org/read-package-up cache-miss
361 http fetch GET 200 https://registry.npmjs.org/express-logging 48ms (cache miss)
362 silly packumentCache full:https://registry.npmjs.org/express-logging set size:undefined disposed:false
363 silly fetch manifest through2-filter@4.0.0
364 silly packumentCache full:https://registry.npmjs.org/through2-filter cache-miss
365 http fetch GET 200 https://registry.npmjs.org/@netlify%2fblobs 130ms (cache miss)
366 silly packumentCache full:https://registry.npmjs.org/@netlify%2fblobs set size:undefined disposed:false
367 silly fetch manifest update-notifier@7.3.1
368 silly packumentCache full:https://registry.npmjs.org/update-notifier cache-miss
369 http fetch GET 200 https://registry.npmjs.org/parse-gitignore 33ms (cache miss)
370 silly packumentCache full:https://registry.npmjs.org/parse-gitignore set size:undefined disposed:false
371 silly fetch manifest gh-release-fetch@4.0.3
372 silly packumentCache full:https://registry.npmjs.org/gh-release-fetch cache-miss
373 http fetch GET 200 https://registry.npmjs.org/read-package-up 42ms (cache miss)
374 silly packumentCache full:https://registry.npmjs.org/read-package-up set size:undefined disposed:false
375 silly fetch manifest maxstache-stream@1.0.4
376 silly packumentCache full:https://registry.npmjs.org/maxstache-stream cache-miss
377 http fetch GET 200 https://registry.npmjs.org/through2-filter 44ms (cache miss)
378 silly packumentCache full:https://registry.npmjs.org/through2-filter set size:undefined disposed:false
379 silly fetch manifest parse-github-url@1.0.3
380 silly packumentCache full:https://registry.npmjs.org/parse-github-url cache-miss
381 http fetch GET 200 https://registry.npmjs.org/update-notifier 56ms (cache miss)
382 silly packumentCache full:https://registry.npmjs.org/update-notifier set size:undefined disposed:false
383 silly fetch manifest https-proxy-agent@7.0.5
384 silly packumentCache full:https://registry.npmjs.org/https-proxy-agent cache-miss
385 http fetch GET 200 https://registry.npmjs.org/gh-release-fetch 46ms (cache miss)
386 silly packumentCache full:https://registry.npmjs.org/gh-release-fetch set size:undefined disposed:false
387 silly fetch manifest write-file-atomic@5.0.1
388 silly packumentCache full:https://registry.npmjs.org/write-file-atomic cache-miss
389 http fetch GET 200 https://registry.npmjs.org/maxstache-stream 45ms (cache miss)
390 silly packumentCache full:https://registry.npmjs.org/maxstache-stream set size:undefined disposed:false
391 silly fetch manifest @opentelemetry/api@1.8.0
392 silly packumentCache full:https://registry.npmjs.org/@opentelemetry%2fapi cache-miss
393 http fetch GET 200 https://registry.npmjs.org/@netlify%2fconfig 178ms (cache miss)
394 silly packumentCache full:https://registry.npmjs.org/@netlify%2fconfig set size:undefined disposed:false
395 silly fetch manifest flush-write-stream@2.0.0
396 silly packumentCache full:https://registry.npmjs.org/flush-write-stream cache-miss
397 http fetch GET 200 https://registry.npmjs.org/parse-github-url 73ms (cache miss)
398 silly packumentCache full:https://registry.npmjs.org/parse-github-url set size:undefined disposed:false
399 silly fetch manifest netlify-redirector@0.5.0
400 silly packumentCache full:https://registry.npmjs.org/netlify-redirector cache-miss
401 http fetch GET 200 https://registry.npmjs.org/write-file-atomic 73ms (cache miss)
402 silly packumentCache full:https://registry.npmjs.org/write-file-atomic set size:undefined disposed:false
403 silly fetch manifest node-version-alias@3.4.1
404 silly packumentCache full:https://registry.npmjs.org/node-version-alias cache-miss
405 http fetch GET 200 https://registry.npmjs.org/https-proxy-agent 79ms (cache miss)
406 silly packumentCache full:https://registry.npmjs.org/https-proxy-agent set size:undefined disposed:false
407 silly fetch manifest parallel-transform@1.2.0
408 silly packumentCache full:https://registry.npmjs.org/parallel-transform cache-miss
409 http fetch GET 200 https://registry.npmjs.org/ansi-to-html 396ms (cache miss)
410 silly packumentCache full:https://registry.npmjs.org/ansi-to-html set size:undefined disposed:false
411 silly fetch manifest source-map-support@0.5.21
412 silly packumentCache full:https://registry.npmjs.org/source-map-support cache-miss
413 http fetch GET 200 https://registry.npmjs.org/flush-write-stream 64ms (cache miss)
414 silly packumentCache full:https://registry.npmjs.org/flush-write-stream set size:undefined disposed:false
415 silly fetch manifest @netlify/build-info@7.15.1
416 silly packumentCache full:https://registry.npmjs.org/@netlify%2fbuild-info cache-miss
417 http fetch GET 200 https://registry.npmjs.org/netlify-redirector 63ms (cache miss)
418 silly packumentCache full:https://registry.npmjs.org/netlify-redirector set size:undefined disposed:false
419 silly fetch manifest fastest-levenshtein@1.0.16
420 silly packumentCache full:https://registry.npmjs.org/fastest-levenshtein cache-miss
421 http fetch GET 200 https://registry.npmjs.org/@opentelemetry%2fapi 105ms (cache miss)
422 silly packumentCache full:https://registry.npmjs.org/@opentelemetry%2fapi set size:undefined disposed:false
423 silly fetch manifest @netlify/edge-bundler@12.2.3
424 silly packumentCache full:https://registry.npmjs.org/@netlify%2fedge-bundler cache-miss
425 http fetch GET 200 https://registry.npmjs.org/node-version-alias 54ms (cache miss)
426 silly packumentCache full:https://registry.npmjs.org/node-version-alias set size:undefined disposed:false
427 silly fetch manifest http-proxy-middleware@2.0.7
428 silly packumentCache full:https://registry.npmjs.org/http-proxy-middleware cache-miss
429 http fetch GET 200 https://registry.npmjs.org/fastest-levenshtein 34ms (cache miss)
430 silly packumentCache full:https://registry.npmjs.org/fastest-levenshtein set size:undefined disposed:false
431 silly fetch manifest netlify-headers-parser@7.1.4
432 silly packumentCache full:https://registry.npmjs.org/netlify-headers-parser cache-miss
433 http fetch GET 200 https://registry.npmjs.org/parallel-transform 78ms (cache miss)
434 silly packumentCache full:https://registry.npmjs.org/parallel-transform set size:undefined disposed:false
435 silly fetch manifest @netlify/edge-functions@2.9.0
436 silly packumentCache full:https://registry.npmjs.org/@netlify%2fedge-functions cache-miss
437 http fetch GET 200 https://registry.npmjs.org/source-map-support 66ms (cache miss)
438 silly packumentCache full:https://registry.npmjs.org/source-map-support set size:undefined disposed:false
439 silly fetch manifest netlify-redirect-parser@14.3.0
440 silly packumentCache full:https://registry.npmjs.org/netlify-redirect-parser cache-miss
441 http fetch GET 200 https://registry.npmjs.org/http-proxy-middleware 53ms (cache miss)
442 silly packumentCache full:https://registry.npmjs.org/http-proxy-middleware set size:undefined disposed:false
443 silly fetch manifest @netlify/zip-it-and-ship-it@9.40.2
444 silly packumentCache full:https://registry.npmjs.org/@netlify%2fzip-it-and-ship-it cache-miss
445 http fetch GET 200 https://registry.npmjs.org/netlify-headers-parser 60ms (cache miss)
446 silly packumentCache full:https://registry.npmjs.org/netlify-headers-parser set size:undefined disposed:false
447 silly fetch manifest inquirer-autocomplete-prompt@1.4.0
448 silly packumentCache full:https://registry.npmjs.org/inquirer-autocomplete-prompt cache-miss
449 http fetch GET 200 https://registry.npmjs.org/@netlify%2fedge-functions 70ms (cache miss)
450 silly packumentCache full:https://registry.npmjs.org/@netlify%2fedge-functions set size:undefined disposed:false
451 silly fetch manifest strip-ansi-control-characters@2.0.0
452 silly packumentCache full:https://registry.npmjs.org/strip-ansi-control-characters cache-miss
453 http fetch GET 200 https://registry.npmjs.org/netlify-redirect-parser 78ms (cache miss)
454 silly packumentCache full:https://registry.npmjs.org/netlify-redirect-parser set size:undefined disposed:false
455 silly fetch manifest @netlify/local-functions-proxy@1.1.1
456 silly packumentCache full:https://registry.npmjs.org/@netlify%2flocal-functions-proxy cache-miss
457 http fetch GET 200 https://registry.npmjs.org/@netlify%2fbuild-info 137ms (cache miss)
458 silly packumentCache full:https://registry.npmjs.org/@netlify%2fbuild-info set size:undefined disposed:false
459 http fetch GET 200 https://registry.npmjs.org/@netlify%2fedge-bundler 141ms (cache miss)
460 silly packumentCache full:https://registry.npmjs.org/@netlify%2fedge-bundler set size:undefined disposed:false
461 http fetch GET 200 https://registry.npmjs.org/@netlify%2fbuild 465ms (cache miss)
462 silly packumentCache full:https://registry.npmjs.org/@netlify%2fbuild set size:undefined disposed:false
463 http fetch GET 200 https://registry.npmjs.org/strip-ansi-control-characters 129ms (cache miss)
464 silly packumentCache full:https://registry.npmjs.org/strip-ansi-control-characters set size:undefined disposed:false
465 http fetch GET 200 https://registry.npmjs.org/inquirer-autocomplete-prompt 147ms (cache miss)
466 silly packumentCache full:https://registry.npmjs.org/inquirer-autocomplete-prompt set size:undefined disposed:false
467 http fetch GET 200 https://registry.npmjs.org/@netlify%2flocal-functions-proxy 128ms (cache miss)
468 silly packumentCache full:https://registry.npmjs.org/@netlify%2flocal-functions-proxy set size:undefined disposed:false
469 http fetch GET 200 https://registry.npmjs.org/@netlify%2fzip-it-and-ship-it 198ms (cache miss)
470 silly packumentCache full:https://registry.npmjs.org/@netlify%2fzip-it-and-ship-it set size:undefined disposed:false
471 silly reify moves {}
472 verbose stack Error: EACCES: permission denied, mkdir '/usr/lib/node_modules/netlify-cli'
472 verbose stack     at async mkdir (node:internal/fs/promises:858:10)
472 verbose stack     at async /usr/lib/node_modules/npm/node_modules/@npmcli/arborist/lib/arborist/reify.js:624:20
472 verbose stack     at async Promise.allSettled (index 0)
472 verbose stack     at async [reifyPackages] (/usr/lib/node_modules/npm/node_modules/@npmcli/arborist/lib/arborist/reify.js:325:11)
472 verbose stack     at async Arborist.reify (/usr/lib/node_modules/npm/node_modules/@npmcli/arborist/lib/arborist/reify.js:142:5)
472 verbose stack     at async Install.exec (/usr/lib/node_modules/npm/lib/commands/install.js:150:5)
472 verbose stack     at async Npm.exec (/usr/lib/node_modules/npm/lib/npm.js:207:9)
472 verbose stack     at async module.exports (/usr/lib/node_modules/npm/lib/cli/entry.js:74:5)
473 error code EACCES
474 error syscall mkdir
475 error path /usr/lib/node_modules/netlify-cli
476 error errno -13
477 error Error: EACCES: permission denied, mkdir '/usr/lib/node_modules/netlify-cli'
477 error     at async mkdir (node:internal/fs/promises:858:10)
477 error     at async /usr/lib/node_modules/npm/node_modules/@npmcli/arborist/lib/arborist/reify.js:624:20
477 error     at async Promise.allSettled (index 0)
477 error     at async [reifyPackages] (/usr/lib/node_modules/npm/node_modules/@npmcli/arborist/lib/arborist/reify.js:325:11)
477 error     at async Arborist.reify (/usr/lib/node_modules/npm/node_modules/@npmcli/arborist/lib/arborist/reify.js:142:5)
477 error     at async Install.exec (/usr/lib/node_modules/npm/lib/commands/install.js:150:5)
477 error     at async Npm.exec (/usr/lib/node_modules/npm/lib/npm.js:207:9)
477 error     at async module.exports (/usr/lib/node_modules/npm/lib/cli/entry.js:74:5) {
477 error   errno: -13,
477 error   code: 'EACCES',
477 error   syscall: 'mkdir',
477 error   path: '/usr/lib/node_modules/netlify-cli'
477 error }
478 error
478 error The operation was rejected by your operating system.
478 error It is likely you do not have the permissions to access this file as the current user
478 error
478 error If you believe this might be a permissions issue, please double-check the
478 error permissions of the file and its containing directories, or try running
478 error the command again as root/Administrator.
479 silly unfinished npm timer reify 1729876661876
480 silly unfinished npm timer reify:createSparse 1729876664304
481 verbose cwd /home/user
482 verbose os Linux 5.10.186+
483 verbose node v20.18.0
484 verbose npm  v10.8.2
485 notice
485 notice New [33mminor[39m version of npm available! [33m10.8.2[39m -> [34m10.9.0[39m
485 notice Changelog: [34mhttps://github.com/npm/cli/releases/tag/v10.9.0[39m
485 notice To update run: [4mnpm install -g npm@10.9.0[24m
485 notice  { force: true, [Symbol(proc-log.meta)]: true }
486 verbose exit -13
487 verbose code -13
488 error A complete log of this run can be found in: /home/user/.npm/_logs/2024-10-25T17_17_40_989Z-debug-0.log
